2022-04-02 10:32:07.789  INFO 1919 --- [restartedMain] nl.nutrition.NutritionApplication        : Starting NutritionApplication using Java 17.0.1 on Macbook-Pro-vd-Pol.local with PID 1919 (/Users/hansvandenpol/Software/Java/nutrition/target/classes started by hansvandenpol in /Users/hansvandenpol/Software/Java/nutrition)
2022-04-02 10:32:07.793  INFO 1919 --- [restartedMain] nl.nutrition.NutritionApplication        : No active profile set, falling back to default profiles: default
2022-04-02 10:32:07.855  INFO 1919 --- [restartedMain] .e.DevToolsPropertyDefaultsPostProcessor : Devtools property defaults active! Set 'spring.devtools.add-properties' to 'false' to disable
2022-04-02 10:32:08.911  INFO 1919 --- [restartedMain] .s.d.r.c.RepositoryConfigurationDelegate : Bootstrapping Spring Data JPA repositories in DEFAULT mode.
2022-04-02 10:32:08.980  INFO 1919 --- [restartedMain] .s.d.r.c.RepositoryConfigurationDelegate : Finished Spring Data repository scanning in 61 ms. Found 1 JPA repository interfaces.
2022-04-02 10:32:09.678  INFO 1919 --- [restartedMain] o.s.b.w.embedded.tomcat.TomcatWebServer  : Tomcat initialized with port(s): 8080 (http)
2022-04-02 10:32:09.683  INFO 1919 --- [restartedMain] o.apache.catalina.core.StandardService   : Starting service [Tomcat]
2022-04-02 10:32:09.683  INFO 1919 --- [restartedMain] org.apache.catalina.core.StandardEngine  : Starting Servlet engine: [Apache Tomcat/9.0.56]
2022-04-02 10:32:09.740  INFO 1919 --- [restartedMain] o.a.c.c.C.[Tomcat].[localhost].[/]       : Initializing Spring embedded WebApplicationContext
2022-04-02 10:32:09.741  INFO 1919 --- [restartedMain] w.s.c.ServletWebServerApplicationContext : Root WebApplicationContext: initialization completed in 1880 ms
2022-04-02 10:32:10.232  INFO 1919 --- [restartedMain] com.zaxxer.hikari.HikariDataSource       : HikariPool-1 - Starting...
2022-04-02 10:32:10.295  INFO 1919 --- [restartedMain] com.zaxxer.hikari.HikariDataSource       : HikariPool-1 - Start completed.
2022-04-02 10:32:10.301  INFO 1919 --- [restartedMain] o.s.b.a.h2.H2ConsoleAutoConfiguration    : H2 console available at '/h2-console'. Database available at 'jdbc:h2:mem:d42d3d56-5afe-4db0-965e-909fddc09ef4'
2022-04-02 10:32:10.367 DEBUG 1919 --- [restartedMain] o.s.b.w.s.ServletContextInitializerBeans : Mapping filters: filterRegistrationBean urls=[/*] order=-2147483647, springSecurityFilterChain urls=[/*] order=-100, filterRegistrationBean urls=[/*] order=2147483647, characterEncodingFilter urls=[/*] order=-2147483648, formContentFilter urls=[/*] order=-9900, requestContextFilter urls=[/*] order=-105
2022-04-02 10:32:10.368 DEBUG 1919 --- [restartedMain] o.s.b.w.s.ServletContextInitializerBeans : Mapping servlets: dispatcherServlet urls=[/], webServlet urls=[/h2-console/*]
2022-04-02 10:32:10.445  INFO 1919 --- [restartedMain] o.hibernate.jpa.internal.util.LogHelper  : HHH000204: Processing PersistenceUnitInfo [name: default]
2022-04-02 10:32:10.507  INFO 1919 --- [restartedMain] org.hibernate.Version                    : HHH000412: Hibernate ORM core version 5.6.4.Final
2022-04-02 10:32:10.595  INFO 1919 --- [restartedMain] o.hibernate.annotations.common.Version   : HCANN000001: Hibernate Commons Annotations {5.1.2.Final}
2022-04-02 10:32:10.640  INFO 1919 --- [restartedMain] org.hibernate.dialect.Dialect            : HHH000400: Using dialect: org.hibernate.dialect.H2Dialect
2022-04-02 10:32:10.950  INFO 1919 --- [restartedMain] o.h.e.t.j.p.i.JtaPlatformInitiator       : HHH000490: Using JtaPlatform implementation: [org.hibernate.engine.transaction.jta.platform.internal.NoJtaPlatform]
2022-04-02 10:32:10.953  INFO 1919 --- [restartedMain] j.LocalContainerEntityManagerFactoryBean : Initialized JPA EntityManagerFactory for persistence unit 'default'
2022-04-02 10:32:11.437  INFO 1919 --- [restartedMain] o.s.b.w.embedded.tomcat.TomcatWebServer  : Tomcat started on port(s): 8080 (http) with context path ''
2022-04-02 10:32:11.462  INFO 1919 --- [restartedMain] o.s.b.d.a.OptionalLiveReloadServer       : LiveReload server is running on port 35729
2022-04-02 10:32:11.492  WARN 1919 --- [restartedMain] JpaBaseConfiguration$JpaWebConfiguration : spring.jpa.open-in-view is enabled by default. Therefore, database queries may be performed during view rendering. Explicitly configure spring.jpa.open-in-view to disable this warning
2022-04-02 10:32:11.521  INFO 1919 --- [restartedMain] nl.nutrition.NutritionApplication        : Started NutritionApplication in 4.076 seconds (JVM running for 9.915)
2022-04-02 10:32:23.439  INFO 1919 --- [http-nio-8080-exec-1] o.a.c.c.C.[Tomcat].[localhost].[/]       : Initializing Spring DispatcherServlet 'dispatcherServlet'
2022-04-02 10:32:23.440  INFO 1919 --- [http-nio-8080-exec-1] o.s.web.servlet.DispatcherServlet        : Initializing Servlet 'dispatcherServlet'
2022-04-02 10:32:23.441 DEBUG 1919 --- [http-nio-8080-exec-1] o.s.web.servlet.DispatcherServlet        : Detected StandardServletMultipartResolver
2022-04-02 10:32:23.443 DEBUG 1919 --- [http-nio-8080-exec-1] o.s.web.servlet.DispatcherServlet        : Detected AcceptHeaderLocaleResolver
2022-04-02 10:32:23.447 DEBUG 1919 --- [http-nio-8080-exec-1] o.s.web.servlet.DispatcherServlet        : Detected FixedThemeResolver
2022-04-02 10:32:23.506 DEBUG 1919 --- [http-nio-8080-exec-1] s.w.s.m.m.a.RequestMappingHandlerMapping : 5 mappings in 'requestMappingHandlerMapping'
2022-04-02 10:32:23.556 DEBUG 1919 --- [http-nio-8080-exec-1] o.s.w.s.handler.SimpleUrlHandlerMapping  : Patterns [/webjars/**, /**] in 'resourceHandlerMapping'
2022-04-02 10:32:23.660  INFO 1919 --- [http-nio-8080-exec-1] o.s.b.a.e.web.EndpointLinksResolver      : Exposing 16 endpoint(s) beneath base path '/actuator'
2022-04-02 10:32:23.730 DEBUG 1919 --- [http-nio-8080-exec-1] s.w.s.m.m.a.RequestMappingHandlerAdapter : ControllerAdvice beans: 0 @ModelAttribute, 0 @InitBinder, 1 RequestBodyAdvice, 1 ResponseBodyAdvice
2022-04-02 10:32:23.743 DEBUG 1919 --- [http-nio-8080-exec-1] .m.m.a.ExceptionHandlerExceptionResolver : ControllerAdvice beans: 1 @ExceptionHandler, 1 ResponseBodyAdvice
2022-04-02 10:32:23.745 DEBUG 1919 --- [http-nio-8080-exec-1] o.s.web.servlet.DispatcherServlet        : Detected org.springframework.web.servlet.view.DefaultRequestToViewNameTranslator@668d054d
2022-04-02 10:32:23.761 DEBUG 1919 --- [http-nio-8080-exec-1] o.s.web.servlet.DispatcherServlet        : Detected org.springframework.web.servlet.support.SessionFlashMapManager@67071f37
2022-04-02 10:32:23.761 DEBUG 1919 --- [http-nio-8080-exec-1] o.s.web.servlet.DispatcherServlet        : enableLoggingRequestDetails='false': request parameters and headers will be masked to prevent unsafe logging of potentially sensitive data
2022-04-02 10:32:23.761  INFO 1919 --- [http-nio-8080-exec-1] o.s.web.servlet.DispatcherServlet        : Completed initialization in 321 ms
2022-04-02 10:32:23.829  INFO 1919 --- [http-nio-8080-exec-1] .s.s.UserDetailsServiceAutoConfiguration : 

Using generated security password: 496d145e-19f8-4c40-90d6-7d9a346514b6

2022-04-02 10:32:23.861  INFO 1919 --- [http-nio-8080-exec-1] o.s.s.web.DefaultSecurityFilterChain     : Will secure Ant [pattern='/h2-console/**'] with []
2022-04-02 10:32:23.881  INFO 1919 --- [http-nio-8080-exec-1] o.s.s.web.DefaultSecurityFilterChain     : Will secure any request with [org.springframework.security.web.context.request.async.WebAsyncManagerIntegrationFilter@67ef5fad, org.springframework.security.web.context.SecurityContextPersistenceFilter@da60650, org.springframework.security.web.header.HeaderWriterFilter@12b8151, org.springframework.security.web.csrf.CsrfFilter@12f98f99, org.springframework.security.web.authentication.logout.LogoutFilter@1fc7ccb6, org.springframework.security.web.savedrequest.RequestCacheAwareFilter@5905007b, org.springframework.security.web.servletapi.SecurityContextHolderAwareRequestFilter@7abf4ce2, org.springframework.security.web.authentication.AnonymousAuthenticationFilter@452b873c, org.springframework.security.web.session.SessionManagementFilter@7d22284d, org.springframework.security.web.access.ExceptionTranslationFilter@3435340f, org.springframework.security.web.access.intercept.FilterSecurityInterceptor@40f4a70d]
2022-04-02 10:32:23.898 DEBUG 1919 --- [http-nio-8080-exec-1] o.s.web.servlet.DispatcherServlet        : GET "/", parameters={}
2022-04-02 10:32:23.911 DEBUG 1919 --- [http-nio-8080-exec-1] o.s.w.s.handler.SimpleUrlHandlerMapping  : Mapped to ResourceHttpRequestHandler [classpath [META-INF/resources/], classpath [resources/], classpath [static/], classpath [public/], ServletContext [/]]
2022-04-02 10:32:23.914 DEBUG 1919 --- [http-nio-8080-exec-1] o.s.w.s.r.ResourceHttpRequestHandler     : Resource not found
2022-04-02 10:32:23.914 DEBUG 1919 --- [http-nio-8080-exec-1] o.s.web.servlet.DispatcherServlet        : Completed 404 NOT_FOUND
2022-04-02 10:32:23.944 DEBUG 1919 --- [http-nio-8080-exec-1] o.s.web.servlet.DispatcherServlet        : "ERROR" dispatch for GET "/error", parameters={}
2022-04-02 10:32:23.957 DEBUG 1919 --- [http-nio-8080-exec-1] s.w.s.m.m.a.RequestMappingHandlerMapping : Mapped to org.springframework.boot.autoconfigure.web.servlet.error.BasicErrorController#errorHtml(HttpServletRequest, HttpServletResponse)
2022-04-02 10:32:24.015 DEBUG 1919 --- [http-nio-8080-exec-1] o.s.w.s.v.ContentNegotiatingViewResolver : Selected 'text/html' given [text/html, text/html;q=0.8]
2022-04-02 10:32:24.024 DEBUG 1919 --- [http-nio-8080-exec-1] o.s.web.servlet.DispatcherServlet        : Exiting from "ERROR" dispatch, status 404
2022-04-02 10:32:24.127 DEBUG 1919 --- [http-nio-8080-exec-2] o.s.web.servlet.DispatcherServlet        : GET "/favicon.ico", parameters={}
2022-04-02 10:32:24.138 DEBUG 1919 --- [http-nio-8080-exec-2] o.s.w.s.handler.SimpleUrlHandlerMapping  : Mapped to ResourceHttpRequestHandler [classpath [META-INF/resources/], classpath [resources/], classpath [static/], classpath [public/], ServletContext [/]]
2022-04-02 10:32:24.141 DEBUG 1919 --- [http-nio-8080-exec-2] o.s.w.s.r.ResourceHttpRequestHandler     : Resource not found
2022-04-02 10:32:24.141 DEBUG 1919 --- [http-nio-8080-exec-2] o.s.web.servlet.DispatcherServlet        : Completed 404 NOT_FOUND
2022-04-02 10:32:24.142 DEBUG 1919 --- [http-nio-8080-exec-2] o.s.web.servlet.DispatcherServlet        : "ERROR" dispatch for GET "/error", parameters={}
2022-04-02 10:32:24.144 DEBUG 1919 --- [http-nio-8080-exec-2] s.w.s.m.m.a.RequestMappingHandlerMapping : Mapped to org.springframework.boot.autoconfigure.web.servlet.error.BasicErrorController#error(HttpServletRequest)
2022-04-02 10:32:24.159 DEBUG 1919 --- [http-nio-8080-exec-2] o.s.w.s.m.m.a.HttpEntityMethodProcessor  : Using 'application/json;q=0.8', given [image/avif, image/webp, image/apng, image/svg+xml, image/*, */*;q=0.8] and supported [application/json, application/*+json, application/json, application/*+json]
2022-04-02 10:32:24.161 DEBUG 1919 --- [http-nio-8080-exec-2] o.s.w.s.m.m.a.HttpEntityMethodProcessor  : Writing [{timestamp=Sat Apr 02 10:32:24 CEST 2022, status=404, error=Not Found, message=No message available, (truncated)...]
2022-04-02 10:32:24.220 DEBUG 1919 --- [http-nio-8080-exec-2] o.s.web.servlet.DispatcherServlet        : Exiting from "ERROR" dispatch, status 404
2022-04-02 10:32:27.911 DEBUG 1919 --- [http-nio-8080-exec-3] o.s.web.servlet.DispatcherServlet        : GET "/index", parameters={}
2022-04-02 10:32:27.927 DEBUG 1919 --- [http-nio-8080-exec-3] o.s.w.s.handler.SimpleUrlHandlerMapping  : Mapped to ResourceHttpRequestHandler [classpath [META-INF/resources/], classpath [resources/], classpath [static/], classpath [public/], ServletContext [/]]
2022-04-02 10:32:27.932 DEBUG 1919 --- [http-nio-8080-exec-3] o.s.w.s.r.ResourceHttpRequestHandler     : Resource not found
2022-04-02 10:32:27.933 DEBUG 1919 --- [http-nio-8080-exec-3] o.s.web.servlet.DispatcherServlet        : Completed 404 NOT_FOUND
2022-04-02 10:32:27.935 DEBUG 1919 --- [http-nio-8080-exec-3] o.s.web.servlet.DispatcherServlet        : "ERROR" dispatch for GET "/error", parameters={}
2022-04-02 10:32:27.939 DEBUG 1919 --- [http-nio-8080-exec-3] s.w.s.m.m.a.RequestMappingHandlerMapping : Mapped to org.springframework.boot.autoconfigure.web.servlet.error.BasicErrorController#errorHtml(HttpServletRequest, HttpServletResponse)
2022-04-02 10:32:27.954 DEBUG 1919 --- [http-nio-8080-exec-3] o.s.w.s.v.ContentNegotiatingViewResolver : Selected 'text/html' given [text/html, text/html;q=0.8]
2022-04-02 10:32:27.954 DEBUG 1919 --- [http-nio-8080-exec-3] o.s.web.servlet.DispatcherServlet        : Exiting from "ERROR" dispatch, status 404
2022-04-02 10:32:57.768 DEBUG 1919 --- [http-nio-8080-exec-4] o.s.web.servlet.DispatcherServlet        : GET "/index.html", parameters={}
2022-04-02 10:32:57.775 DEBUG 1919 --- [http-nio-8080-exec-4] o.s.w.s.handler.SimpleUrlHandlerMapping  : Mapped to ResourceHttpRequestHandler [classpath [META-INF/resources/], classpath [resources/], classpath [static/], classpath [public/], ServletContext [/]]
2022-04-02 10:32:57.782 DEBUG 1919 --- [http-nio-8080-exec-4] o.s.w.s.r.ResourceHttpRequestHandler     : Resource not found
2022-04-02 10:32:57.784 DEBUG 1919 --- [http-nio-8080-exec-4] o.s.web.servlet.DispatcherServlet        : Completed 404 NOT_FOUND
2022-04-02 10:32:57.787 DEBUG 1919 --- [http-nio-8080-exec-4] o.s.web.servlet.DispatcherServlet        : "ERROR" dispatch for GET "/error", parameters={}
2022-04-02 10:32:57.799 DEBUG 1919 --- [http-nio-8080-exec-4] s.w.s.m.m.a.RequestMappingHandlerMapping : Mapped to org.springframework.boot.autoconfigure.web.servlet.error.BasicErrorController#errorHtml(HttpServletRequest, HttpServletResponse)
2022-04-02 10:32:57.818 DEBUG 1919 --- [http-nio-8080-exec-4] o.s.w.s.v.ContentNegotiatingViewResolver : Selected 'text/html' given [text/html, text/html;q=0.8]
2022-04-02 10:32:57.823 DEBUG 1919 --- [http-nio-8080-exec-4] o.s.web.servlet.DispatcherServlet        : Exiting from "ERROR" dispatch, status 404
2022-04-02 10:33:14.600 DEBUG 1919 --- [http-nio-8080-exec-5] o.s.web.servlet.DispatcherServlet        : GET "/index.html", parameters={}
2022-04-02 10:33:14.613 DEBUG 1919 --- [http-nio-8080-exec-5] o.s.w.s.handler.SimpleUrlHandlerMapping  : Mapped to ResourceHttpRequestHandler [classpath [META-INF/resources/], classpath [resources/], classpath [static/], classpath [public/], ServletContext [/]]
2022-04-02 10:33:14.620 DEBUG 1919 --- [http-nio-8080-exec-5] o.s.w.s.r.ResourceHttpRequestHandler     : Resource not found
2022-04-02 10:33:14.621 DEBUG 1919 --- [http-nio-8080-exec-5] o.s.web.servlet.DispatcherServlet        : Completed 404 NOT_FOUND
2022-04-02 10:33:14.626 DEBUG 1919 --- [http-nio-8080-exec-5] o.s.web.servlet.DispatcherServlet        : "ERROR" dispatch for GET "/error", parameters={}
2022-04-02 10:33:14.640 DEBUG 1919 --- [http-nio-8080-exec-5] s.w.s.m.m.a.RequestMappingHandlerMapping : Mapped to org.springframework.boot.autoconfigure.web.servlet.error.BasicErrorController#errorHtml(HttpServletRequest, HttpServletResponse)
2022-04-02 10:33:14.654 DEBUG 1919 --- [http-nio-8080-exec-5] o.s.w.s.v.ContentNegotiatingViewResolver : Selected 'text/html' given [text/html, text/html;q=0.8]
2022-04-02 10:33:14.655 DEBUG 1919 --- [http-nio-8080-exec-5] o.s.web.servlet.DispatcherServlet        : Exiting from "ERROR" dispatch, status 404
2022-04-02 10:33:23.372 DEBUG 1919 --- [http-nio-8080-exec-6] o.s.web.servlet.DispatcherServlet        : GET "/html/index.html", parameters={}
2022-04-02 10:33:23.396 DEBUG 1919 --- [http-nio-8080-exec-6] o.s.w.s.handler.SimpleUrlHandlerMapping  : Mapped to ResourceHttpRequestHandler [classpath [META-INF/resources/], classpath [resources/], classpath [static/], classpath [public/], ServletContext [/]]
2022-04-02 10:33:23.410 DEBUG 1919 --- [http-nio-8080-exec-6] o.s.web.servlet.DispatcherServlet        : Completed 200 OK
2022-04-02 10:33:23.452 DEBUG 1919 --- [http-nio-8080-exec-2] o.s.web.servlet.DispatcherServlet        : GET "/js/dailyProducts.js", parameters={}
2022-04-02 10:33:23.453 DEBUG 1919 --- [http-nio-8080-exec-1] o.s.web.servlet.DispatcherServlet        : GET "/js/index.js", parameters={}
2022-04-02 10:33:23.452 DEBUG 1919 --- [http-nio-8080-exec-9] o.s.web.servlet.DispatcherServlet        : GET "/css/index.css", parameters={}
2022-04-02 10:33:23.452 DEBUG 1919 --- [http-nio-8080-exec-10] o.s.web.servlet.DispatcherServlet        : GET "/js/bootstrap.js", parameters={}
2022-04-02 10:33:23.452 DEBUG 1919 --- [http-nio-8080-exec-8] o.s.web.servlet.DispatcherServlet        : GET "/js/jquery-3.6.0.js", parameters={}
2022-04-02 10:33:23.469 DEBUG 1919 --- [http-nio-8080-exec-2] o.s.w.s.handler.SimpleUrlHandlerMapping  : Mapped to ResourceHttpRequestHandler [classpath [META-INF/resources/], classpath [resources/], classpath [static/], classpath [public/], ServletContext [/]]
2022-04-02 10:33:23.470 DEBUG 1919 --- [http-nio-8080-exec-10] o.s.w.s.handler.SimpleUrlHandlerMapping  : Mapped to ResourceHttpRequestHandler [classpath [META-INF/resources/], classpath [resources/], classpath [static/], classpath [public/], ServletContext [/]]
2022-04-02 10:33:23.470 DEBUG 1919 --- [http-nio-8080-exec-9] o.s.w.s.handler.SimpleUrlHandlerMapping  : Mapped to ResourceHttpRequestHandler [classpath [META-INF/resources/], classpath [resources/], classpath [static/], classpath [public/], ServletContext [/]]
2022-04-02 10:33:23.470 DEBUG 1919 --- [http-nio-8080-exec-1] o.s.w.s.handler.SimpleUrlHandlerMapping  : Mapped to ResourceHttpRequestHandler [classpath [META-INF/resources/], classpath [resources/], classpath [static/], classpath [public/], ServletContext [/]]
2022-04-02 10:33:23.473 DEBUG 1919 --- [http-nio-8080-exec-8] o.s.w.s.handler.SimpleUrlHandlerMapping  : Mapped to ResourceHttpRequestHandler [classpath [META-INF/resources/], classpath [resources/], classpath [static/], classpath [public/], ServletContext [/]]
2022-04-02 10:33:23.482 DEBUG 1919 --- [http-nio-8080-exec-1] o.s.web.servlet.DispatcherServlet        : Completed 200 OK
2022-04-02 10:33:23.484 DEBUG 1919 --- [http-nio-8080-exec-9] o.s.web.servlet.DispatcherServlet        : Completed 200 OK
2022-04-02 10:33:23.484 DEBUG 1919 --- [http-nio-8080-exec-2] o.s.web.servlet.DispatcherServlet        : Completed 200 OK
2022-04-02 10:33:23.495 DEBUG 1919 --- [http-nio-8080-exec-9] o.s.web.servlet.DispatcherServlet        : GET "/js/dailyFoodProgress.js", parameters={}
2022-04-02 10:33:23.496 DEBUG 1919 --- [http-nio-8080-exec-8] o.s.web.servlet.DispatcherServlet        : Completed 200 OK
2022-04-02 10:33:23.496 DEBUG 1919 --- [http-nio-8080-exec-10] o.s.web.servlet.DispatcherServlet        : Completed 200 OK
2022-04-02 10:33:23.497 DEBUG 1919 --- [http-nio-8080-exec-9] o.s.w.s.handler.SimpleUrlHandlerMapping  : Mapped to ResourceHttpRequestHandler [classpath [META-INF/resources/], classpath [resources/], classpath [static/], classpath [public/], ServletContext [/]]
2022-04-02 10:33:23.501 DEBUG 1919 --- [http-nio-8080-exec-9] o.s.web.servlet.DispatcherServlet        : Completed 200 OK
2022-04-02 10:33:39.489  INFO 1919 --- [SpringApplicationShutdownHook] o.s.b.w.e.tomcat.GracefulShutdown        : Commencing graceful shutdown. Waiting for active requests to complete
2022-04-02 10:33:39.500  INFO 1919 --- [tomcat-shutdown] o.s.b.w.e.tomcat.GracefulShutdown        : Graceful shutdown complete
2022-04-02 10:33:39.515  INFO 1919 --- [SpringApplicationShutdownHook] j.LocalContainerEntityManagerFactoryBean : Closing JPA EntityManagerFactory for persistence unit 'default'
2022-04-02 10:33:39.516  INFO 1919 --- [SpringApplicationShutdownHook] .SchemaDropperImpl$DelayedDropActionImpl : HHH000477: Starting delayed evictData of schema as part of SessionFactory shut-down'
2022-04-02 10:33:39.732  WARN 1919 --- [SpringApplicationShutdownHook] o.s.b.f.support.DisposableBeanAdapter    : Invocation of destroy method failed on bean with name 'inMemoryDatabaseShutdownExecutor': org.h2.jdbc.JdbcSQLNonTransientConnectionException: Database is already closed (to disable automatic closing at VM shutdown, add ";DB_CLOSE_ON_EXIT=FALSE" to the db URL) [90121-210]
2022-04-02 10:33:39.732  INFO 1919 --- [SpringApplicationShutdownHook] com.zaxxer.hikari.HikariDataSource       : HikariPool-1 - Shutdown initiated...
2022-04-02 10:33:39.742  INFO 1919 --- [SpringApplicationShutdownHook] com.zaxxer.hikari.HikariDataSource       : HikariPool-1 - Shutdown completed.
2022-04-02 10:33:48.771  INFO 2142 --- [restartedMain] nl.nutrition.NutritionApplication        : Starting NutritionApplication using Java 17.0.1 on Macbook-Pro-vd-Pol.local with PID 2142 (/Users/hansvandenpol/Software/Java/nutrition/target/classes started by hansvandenpol in /Users/hansvandenpol/Software/Java/nutrition)
2022-04-02 10:33:48.772  INFO 2142 --- [restartedMain] nl.nutrition.NutritionApplication        : No active profile set, falling back to default profiles: default
2022-04-02 10:33:48.840  INFO 2142 --- [restartedMain] .e.DevToolsPropertyDefaultsPostProcessor : Devtools property defaults active! Set 'spring.devtools.add-properties' to 'false' to disable
2022-04-02 10:33:49.857  INFO 2142 --- [restartedMain] .s.d.r.c.RepositoryConfigurationDelegate : Bootstrapping Spring Data JPA repositories in DEFAULT mode.
2022-04-02 10:33:49.920  INFO 2142 --- [restartedMain] .s.d.r.c.RepositoryConfigurationDelegate : Finished Spring Data repository scanning in 56 ms. Found 1 JPA repository interfaces.
2022-04-02 10:33:50.612  INFO 2142 --- [restartedMain] o.s.b.w.embedded.tomcat.TomcatWebServer  : Tomcat initialized with port(s): 8080 (http)
2022-04-02 10:33:50.619  INFO 2142 --- [restartedMain] o.apache.catalina.core.StandardService   : Starting service [Tomcat]
2022-04-02 10:33:50.620  INFO 2142 --- [restartedMain] org.apache.catalina.core.StandardEngine  : Starting Servlet engine: [Apache Tomcat/9.0.56]
2022-04-02 10:33:50.700  INFO 2142 --- [restartedMain] o.a.c.c.C.[Tomcat].[localhost].[/]       : Initializing Spring embedded WebApplicationContext
2022-04-02 10:33:50.700  INFO 2142 --- [restartedMain] w.s.c.ServletWebServerApplicationContext : Root WebApplicationContext: initialization completed in 1859 ms
2022-04-02 10:33:51.122  INFO 2142 --- [restartedMain] com.zaxxer.hikari.HikariDataSource       : HikariPool-1 - Starting...
2022-04-02 10:33:51.185  INFO 2142 --- [restartedMain] com.zaxxer.hikari.HikariDataSource       : HikariPool-1 - Start completed.
2022-04-02 10:33:51.193  INFO 2142 --- [restartedMain] o.s.b.a.h2.H2ConsoleAutoConfiguration    : H2 console available at '/h2-console'. Database available at 'jdbc:h2:mem:b87a93c9-3e6f-4bb1-a4b0-732963799ecf'
2022-04-02 10:33:51.257 DEBUG 2142 --- [restartedMain] o.s.b.w.s.ServletContextInitializerBeans : Mapping filters: filterRegistrationBean urls=[/*] order=-2147483647, springSecurityFilterChain urls=[/*] order=-100, filterRegistrationBean urls=[/*] order=2147483647, characterEncodingFilter urls=[/*] order=-2147483648, formContentFilter urls=[/*] order=-9900, requestContextFilter urls=[/*] order=-105
2022-04-02 10:33:51.258 DEBUG 2142 --- [restartedMain] o.s.b.w.s.ServletContextInitializerBeans : Mapping servlets: dispatcherServlet urls=[/], webServlet urls=[/h2-console/*]
2022-04-02 10:33:51.315  INFO 2142 --- [restartedMain] o.hibernate.jpa.internal.util.LogHelper  : HHH000204: Processing PersistenceUnitInfo [name: default]
2022-04-02 10:33:51.341  INFO 2142 --- [restartedMain] org.hibernate.Version                    : HHH000412: Hibernate ORM core version 5.6.4.Final
2022-04-02 10:33:51.475  INFO 2142 --- [restartedMain] o.hibernate.annotations.common.Version   : HCANN000001: Hibernate Commons Annotations {5.1.2.Final}
2022-04-02 10:33:51.521  INFO 2142 --- [restartedMain] org.hibernate.dialect.Dialect            : HHH000400: Using dialect: org.hibernate.dialect.H2Dialect
2022-04-02 10:33:51.847  INFO 2142 --- [restartedMain] o.h.e.t.j.p.i.JtaPlatformInitiator       : HHH000490: Using JtaPlatform implementation: [org.hibernate.engine.transaction.jta.platform.internal.NoJtaPlatform]
2022-04-02 10:33:51.850  INFO 2142 --- [restartedMain] j.LocalContainerEntityManagerFactoryBean : Initialized JPA EntityManagerFactory for persistence unit 'default'
2022-04-02 10:33:52.354  INFO 2142 --- [restartedMain] o.s.b.w.embedded.tomcat.TomcatWebServer  : Tomcat started on port(s): 8080 (http) with context path ''
2022-04-02 10:33:52.366  INFO 2142 --- [restartedMain] o.s.b.d.a.OptionalLiveReloadServer       : LiveReload server is running on port 35729
2022-04-02 10:33:52.396  WARN 2142 --- [restartedMain] JpaBaseConfiguration$JpaWebConfiguration : spring.jpa.open-in-view is enabled by default. Therefore, database queries may be performed during view rendering. Explicitly configure spring.jpa.open-in-view to disable this warning
2022-04-02 10:33:52.426  INFO 2142 --- [restartedMain] nl.nutrition.NutritionApplication        : Started NutritionApplication in 3.988 seconds (JVM running for 9.848)
2022-04-02 10:33:53.149  INFO 2142 --- [http-nio-8080-exec-1] o.a.c.c.C.[Tomcat].[localhost].[/]       : Initializing Spring DispatcherServlet 'dispatcherServlet'
2022-04-02 10:33:53.150  INFO 2142 --- [http-nio-8080-exec-1] o.s.web.servlet.DispatcherServlet        : Initializing Servlet 'dispatcherServlet'
2022-04-02 10:33:53.151 DEBUG 2142 --- [http-nio-8080-exec-1] o.s.web.servlet.DispatcherServlet        : Detected StandardServletMultipartResolver
2022-04-02 10:33:53.154 DEBUG 2142 --- [http-nio-8080-exec-1] o.s.web.servlet.DispatcherServlet        : Detected AcceptHeaderLocaleResolver
2022-04-02 10:33:53.158 DEBUG 2142 --- [http-nio-8080-exec-1] o.s.web.servlet.DispatcherServlet        : Detected FixedThemeResolver
2022-04-02 10:33:53.211 DEBUG 2142 --- [http-nio-8080-exec-1] s.w.s.m.m.a.RequestMappingHandlerMapping : 5 mappings in 'requestMappingHandlerMapping'
2022-04-02 10:33:53.262 DEBUG 2142 --- [http-nio-8080-exec-1] o.s.w.s.handler.SimpleUrlHandlerMapping  : Patterns [/webjars/**, /**] in 'resourceHandlerMapping'
2022-04-02 10:33:53.353  INFO 2142 --- [http-nio-8080-exec-1] o.s.b.a.e.web.EndpointLinksResolver      : Exposing 16 endpoint(s) beneath base path '/actuator'
2022-04-02 10:33:53.427 DEBUG 2142 --- [http-nio-8080-exec-1] s.w.s.m.m.a.RequestMappingHandlerAdapter : ControllerAdvice beans: 0 @ModelAttribute, 0 @InitBinder, 1 RequestBodyAdvice, 1 ResponseBodyAdvice
2022-04-02 10:33:53.445 DEBUG 2142 --- [http-nio-8080-exec-1] .m.m.a.ExceptionHandlerExceptionResolver : ControllerAdvice beans: 1 @ExceptionHandler, 1 ResponseBodyAdvice
2022-04-02 10:33:53.447 DEBUG 2142 --- [http-nio-8080-exec-1] o.s.web.servlet.DispatcherServlet        : Detected org.springframework.web.servlet.view.DefaultRequestToViewNameTranslator@b6a9bc2
2022-04-02 10:33:53.453 DEBUG 2142 --- [http-nio-8080-exec-1] o.s.web.servlet.DispatcherServlet        : Detected org.springframework.web.servlet.support.SessionFlashMapManager@277db893
2022-04-02 10:33:53.454 DEBUG 2142 --- [http-nio-8080-exec-1] o.s.web.servlet.DispatcherServlet        : enableLoggingRequestDetails='false': request parameters and headers will be masked to prevent unsafe logging of potentially sensitive data
2022-04-02 10:33:53.454  INFO 2142 --- [http-nio-8080-exec-1] o.s.web.servlet.DispatcherServlet        : Completed initialization in 304 ms
2022-04-02 10:33:53.515  INFO 2142 --- [http-nio-8080-exec-1] .s.s.UserDetailsServiceAutoConfiguration : 

Using generated security password: 62ac3c3a-44cb-4ebf-a815-2c779a68e22e

2022-04-02 10:33:53.536  INFO 2142 --- [http-nio-8080-exec-1] o.s.s.web.DefaultSecurityFilterChain     : Will secure Ant [pattern='/h2-console/**'] with []
2022-04-02 10:33:53.548  INFO 2142 --- [http-nio-8080-exec-1] o.s.s.web.DefaultSecurityFilterChain     : Will secure any request with [org.springframework.security.web.context.request.async.WebAsyncManagerIntegrationFilter@2cb75371, org.springframework.security.web.context.SecurityContextPersistenceFilter@2cc64aca, org.springframework.security.web.header.HeaderWriterFilter@765a47ec, org.springframework.security.web.csrf.CsrfFilter@1fbb1aa1, org.springframework.security.web.authentication.logout.LogoutFilter@73f473de, org.springframework.security.web.savedrequest.RequestCacheAwareFilter@d49921c, org.springframework.security.web.servletapi.SecurityContextHolderAwareRequestFilter@20856578, org.springframework.security.web.authentication.AnonymousAuthenticationFilter@2b326453, org.springframework.security.web.session.SessionManagementFilter@7f1fda89, org.springframework.security.web.access.ExceptionTranslationFilter@57adb2d8, org.springframework.security.web.access.intercept.FilterSecurityInterceptor@3791c32f]
2022-04-02 10:33:53.558 DEBUG 2142 --- [http-nio-8080-exec-1] o.s.web.servlet.DispatcherServlet        : GET "/html/index.html", parameters={}
2022-04-02 10:33:53.566 DEBUG 2142 --- [http-nio-8080-exec-1] o.s.w.s.handler.SimpleUrlHandlerMapping  : Mapped to ResourceHttpRequestHandler [classpath [META-INF/resources/], classpath [resources/], classpath [static/], classpath [public/], ServletContext [/]]
2022-04-02 10:33:53.579 DEBUG 2142 --- [http-nio-8080-exec-1] o.s.web.servlet.DispatcherServlet        : Completed 200 OK
2022-04-02 10:33:53.607 DEBUG 2142 --- [http-nio-8080-exec-5] o.s.web.servlet.DispatcherServlet        : GET "/js/jquery-3.6.0.js", parameters={}
2022-04-02 10:33:53.607 DEBUG 2142 --- [http-nio-8080-exec-3] o.s.web.servlet.DispatcherServlet        : GET "/js/bootstrap.js", parameters={}
2022-04-02 10:33:53.607 DEBUG 2142 --- [http-nio-8080-exec-4] o.s.web.servlet.DispatcherServlet        : GET "/js/dailyProducts.js", parameters={}
2022-04-02 10:33:53.608 DEBUG 2142 --- [http-nio-8080-exec-2] o.s.web.servlet.DispatcherServlet        : GET "/css/index.css", parameters={}
2022-04-02 10:33:53.618 DEBUG 2142 --- [http-nio-8080-exec-6] o.s.web.servlet.DispatcherServlet        : GET "/js/index.js", parameters={}
2022-04-02 10:33:53.621 DEBUG 2142 --- [http-nio-8080-exec-4] o.s.w.s.handler.SimpleUrlHandlerMapping  : Mapped to ResourceHttpRequestHandler [classpath [META-INF/resources/], classpath [resources/], classpath [static/], classpath [public/], ServletContext [/]]
2022-04-02 10:33:53.621 DEBUG 2142 --- [http-nio-8080-exec-3] o.s.w.s.handler.SimpleUrlHandlerMapping  : Mapped to ResourceHttpRequestHandler [classpath [META-INF/resources/], classpath [resources/], classpath [static/], classpath [public/], ServletContext [/]]
2022-04-02 10:33:53.630 DEBUG 2142 --- [http-nio-8080-exec-4] o.s.web.servlet.DispatcherServlet        : Completed 200 OK
2022-04-02 10:33:53.633 DEBUG 2142 --- [http-nio-8080-exec-5] o.s.w.s.handler.SimpleUrlHandlerMapping  : Mapped to ResourceHttpRequestHandler [classpath [META-INF/resources/], classpath [resources/], classpath [static/], classpath [public/], ServletContext [/]]
2022-04-02 10:33:53.635 DEBUG 2142 --- [http-nio-8080-exec-3] o.s.web.servlet.DispatcherServlet        : Completed 200 OK
2022-04-02 10:33:53.636 DEBUG 2142 --- [http-nio-8080-exec-6] o.s.w.s.handler.SimpleUrlHandlerMapping  : Mapped to ResourceHttpRequestHandler [classpath [META-INF/resources/], classpath [resources/], classpath [static/], classpath [public/], ServletContext [/]]
2022-04-02 10:33:53.639 DEBUG 2142 --- [http-nio-8080-exec-2] o.s.w.s.handler.SimpleUrlHandlerMapping  : Mapped to ResourceHttpRequestHandler [classpath [META-INF/resources/], classpath [resources/], classpath [static/], classpath [public/], ServletContext [/]]
2022-04-02 10:33:53.646 DEBUG 2142 --- [http-nio-8080-exec-2] o.s.web.servlet.DispatcherServlet        : Completed 200 OK
2022-04-02 10:33:53.647 DEBUG 2142 --- [http-nio-8080-exec-6] o.s.web.servlet.DispatcherServlet        : Completed 200 OK
2022-04-02 10:33:53.654 DEBUG 2142 --- [http-nio-8080-exec-5] o.s.web.servlet.DispatcherServlet        : Completed 200 OK
2022-04-02 10:33:53.672 DEBUG 2142 --- [http-nio-8080-exec-2] o.s.web.servlet.DispatcherServlet        : GET "/js/dailyFoodProgress.js", parameters={}
2022-04-02 10:33:53.676 DEBUG 2142 --- [http-nio-8080-exec-2] o.s.w.s.handler.SimpleUrlHandlerMapping  : Mapped to ResourceHttpRequestHandler [classpath [META-INF/resources/], classpath [resources/], classpath [static/], classpath [public/], ServletContext [/]]
2022-04-02 10:33:53.678 DEBUG 2142 --- [http-nio-8080-exec-2] o.s.web.servlet.DispatcherServlet        : Completed 200 OK
2022-04-02 10:34:00.335 DEBUG 2142 --- [http-nio-8080-exec-7] o.s.web.servlet.DispatcherServlet        : GET "/api/public/product/search?product=kwark", parameters={masked}
2022-04-02 10:34:00.400 DEBUG 2142 --- [http-nio-8080-exec-7] s.w.s.m.m.a.RequestMappingHandlerMapping : Mapped to nl.nutrition.controller.product.ProductController#findProducts(String)
2022-04-02 10:34:00.563  INFO 2142 --- [http-nio-8080-exec-7] n.n.c.product.ProductController          : teste
2022-04-02 10:34:00.799 DEBUG 2142 --- [http-nio-8080-exec-7] o.s.w.s.m.m.a.HttpEntityMethodProcessor  : Using 'application/json', given [application/json, text/javascript, */*;q=0.01] and supported [application/json, application/*+json, application/json, application/*+json]
2022-04-02 10:34:00.808 DEBUG 2142 --- [http-nio-8080-exec-7] o.s.w.s.m.m.a.HttpEntityMethodProcessor  : Writing [[]]
2022-04-02 10:34:00.828 DEBUG 2142 --- [http-nio-8080-exec-7] o.s.web.servlet.DispatcherServlet        : Completed 200 OK
2022-04-02 10:34:01.351 DEBUG 2142 --- [http-nio-8080-exec-8] o.s.web.servlet.DispatcherServlet        : GET "/api/public/product/search?product=kwark", parameters={masked}
2022-04-02 10:34:01.357 DEBUG 2142 --- [http-nio-8080-exec-8] s.w.s.m.m.a.RequestMappingHandlerMapping : Mapped to nl.nutrition.controller.product.ProductController#findProducts(String)
2022-04-02 10:34:01.370  INFO 2142 --- [http-nio-8080-exec-8] n.n.c.product.ProductController          : teste
2022-04-02 10:34:01.390 DEBUG 2142 --- [http-nio-8080-exec-8] o.s.w.s.m.m.a.HttpEntityMethodProcessor  : Using 'application/json', given [application/json, text/javascript, */*;q=0.01] and supported [application/json, application/*+json, application/json, application/*+json]
2022-04-02 10:34:01.391 DEBUG 2142 --- [http-nio-8080-exec-8] o.s.w.s.m.m.a.HttpEntityMethodProcessor  : Writing [[]]
2022-04-02 10:34:01.395 DEBUG 2142 --- [http-nio-8080-exec-8] o.s.web.servlet.DispatcherServlet        : Completed 200 OK
2022-04-02 10:34:51.900  INFO 2142 --- [SpringApplicationShutdownHook] o.s.b.w.e.tomcat.GracefulShutdown        : Commencing graceful shutdown. Waiting for active requests to complete
2022-04-02 10:34:51.915  INFO 2142 --- [tomcat-shutdown] o.s.b.w.e.tomcat.GracefulShutdown        : Graceful shutdown complete
2022-04-02 10:34:51.929  INFO 2142 --- [SpringApplicationShutdownHook] j.LocalContainerEntityManagerFactoryBean : Closing JPA EntityManagerFactory for persistence unit 'default'
2022-04-02 10:34:51.930  INFO 2142 --- [SpringApplicationShutdownHook] .SchemaDropperImpl$DelayedDropActionImpl : HHH000477: Starting delayed evictData of schema as part of SessionFactory shut-down'
2022-04-02 10:34:52.144  WARN 2142 --- [SpringApplicationShutdownHook] o.s.b.f.support.DisposableBeanAdapter    : Invocation of destroy method failed on bean with name 'inMemoryDatabaseShutdownExecutor': org.h2.jdbc.JdbcSQLNonTransientConnectionException: Database is already closed (to disable automatic closing at VM shutdown, add ";DB_CLOSE_ON_EXIT=FALSE" to the db URL) [90121-210]
2022-04-02 10:34:52.144  INFO 2142 --- [SpringApplicationShutdownHook] com.zaxxer.hikari.HikariDataSource       : HikariPool-1 - Shutdown initiated...
2022-04-02 10:34:52.153  INFO 2142 --- [SpringApplicationShutdownHook] com.zaxxer.hikari.HikariDataSource       : HikariPool-1 - Shutdown completed.
